<?xml version="1.0" encoding="UTF-8"?>
<!-- Generated by org.testng.reporters.JUnitXMLReporter -->
<testsuite ignored="0" hostname="MANISHSWIN10" failures="2" tests="13" name="Test" time="112.581" errors="0" timestamp="2021-12-23T13:51:19 IST">
  <testcase classname="com.mypackege.TC03_Gmail" name="@AfterClass tearDown" time="0.044">
    <failure type="org.openqa.selenium.NoSuchElementException" message="no such element: Unable to locate element: {&amp;quot;method&amp;quot;:&amp;quot;xpath&amp;quot;,&amp;quot;selector&amp;quot;:&amp;quot;//a[contains(@aria-label,&amp;apos;Google Account&amp;apos;)]&amp;quot;}
  (Session info: chrome=96.0.4664.110)
For documentation on this error, please visit: https://selenium.dev/exceptions/#no_such_element
Build info: version: &amp;apos;4.1.0&amp;apos;, revision: &amp;apos;87802e897b&amp;apos;
System info: host: &amp;apos;MANISHSWIN10&amp;apos;, ip: &amp;apos;192.168.198.53&amp;apos;, os.name: &amp;apos;Windows 10&amp;apos;, os.arch: &amp;apos;amd64&amp;apos;, os.version: &amp;apos;10.0&amp;apos;, java.version: &amp;apos;17.0.1&amp;apos;
Driver info: org.openqa.selenium.chrome.ChromeDriver
Command: [fa1e2f8b73cc733a20a9dcf516389dc3, findElement {using=xpath, value=//a[contains(@aria-label,&amp;apos;Google Account&amp;apos;)]}]
Capabilities {acceptInsecureCerts: false, browserName: chrome, browserVersion: 96.0.4664.110, chrome: {chromedriverVersion: 96.0.4664.45 (76e4c1bb2ab46..., userDataDir: C:\Users\manishs\AppData\Lo...}, goog:chromeOptions: {debuggerAddress: localhost:62618}, javascriptEnabled: true, networkConnectionEnabled: false, pageLoadStrategy: normal, platform: WINDOWS, platformName: WINDOWS, proxy: Proxy(), se:cdp: ws://localhost:62618/devtoo..., se:cdpVersion: 96.0.4664.110, setWindowRect: true, strictFileInteractability: false, timeouts: {implicit: 0, pageLoad: 300000, script: 30000}, unhandledPromptBehavior: dismiss and notify, webauthn:extension:credBlob: true, webauthn:extension:largeBlob: true, webauthn:virtualAuthenticators: true}
Session ID: fa1e2f8b73cc733a20a9dcf516389dc3">
      <![CDATA[org.openqa.selenium.NoSuchElementException: no such element: Unable to locate element: {"method":"xpath","selector":"//a[contains(@aria-label,'Google Account')]"}
  (Session info: chrome=96.0.4664.110)
For documentation on this error, please visit: https://selenium.dev/exceptions/#no_such_element
Build info: version: '4.1.0', revision: '87802e897b'
System info: host: 'MANISHSWIN10', ip: '192.168.198.53', os.name: 'Windows 10', os.arch: 'amd64', os.version: '10.0', java.version: '17.0.1'
Driver info: org.openqa.selenium.chrome.ChromeDriver
Command: [fa1e2f8b73cc733a20a9dcf516389dc3, findElement {using=xpath, value=//a[contains(@aria-label,'Google Account')]}]
Capabilities {acceptInsecureCerts: false, browserName: chrome, browserVersion: 96.0.4664.110, chrome: {chromedriverVersion: 96.0.4664.45 (76e4c1bb2ab46..., userDataDir: C:\Users\manishs\AppData\Lo...}, goog:chromeOptions: {debuggerAddress: localhost:62618}, javascriptEnabled: true, networkConnectionEnabled: false, pageLoadStrategy: normal, platform: WINDOWS, platformName: WINDOWS, proxy: Proxy(), se:cdp: ws://localhost:62618/devtoo..., se:cdpVersion: 96.0.4664.110, setWindowRect: true, strictFileInteractability: false, timeouts: {implicit: 0, pageLoad: 300000, script: 30000}, unhandledPromptBehavior: dismiss and notify, webauthn:extension:credBlob: true, webauthn:extension:largeBlob: true, webauthn:virtualAuthenticators: true}
Session ID: fa1e2f8b73cc733a20a9dcf516389dc3
at org.openqa.selenium.remote.codec.w3c.W3CHttpResponseCodec.createException(W3CHttpResponseCodec.java:200)
at org.openqa.selenium.remote.codec.w3c.W3CHttpResponseCodec.decode(W3CHttpResponseCodec.java:133)
at org.openqa.selenium.remote.codec.w3c.W3CHttpResponseCodec.decode(W3CHttpResponseCodec.java:53)
at org.openqa.selenium.remote.HttpCommandExecutor.execute(HttpCommandExecutor.java:184)
at org.openqa.selenium.remote.service.DriverCommandExecutor.invokeExecute(DriverCommandExecutor.java:164)
at org.openqa.selenium.remote.service.DriverCommandExecutor.execute(DriverCommandExecutor.java:139)
at org.openqa.selenium.remote.RemoteWebDriver.execute(RemoteWebDriver.java:559)
at org.openqa.selenium.remote.ElementLocation$ElementFinder$2.findElement(ElementLocation.java:162)
at org.openqa.selenium.remote.ElementLocation.findElement(ElementLocation.java:60)
at org.openqa.selenium.remote.RemoteWebDriver.findElement(RemoteWebDriver.java:383)
at org.openqa.selenium.remote.RemoteWebDriver.findElement(RemoteWebDriver.java:375)
at com.mypackege.TC03_Gmail.tearDown(TC03_Gmail.java:46)
at java.base/java.util.concurrent.ThreadPoolExecutor.runWorker(ThreadPoolExecutor.java:1136)
at java.base/java.util.concurrent.ThreadPoolExecutor$Worker.run(ThreadPoolExecutor.java:635)
at java.base/java.lang.Thread.run(Thread.java:833)
... Removed 14 stack frames]]>
    </failure>
  </testcase> <!-- @AfterClass tearDown -->
  <testcase classname="com.mypackege.TC01_SwagLabs" name="test" time="5.9"/>
  <testcase classname="com.mypackege.TC02_ImgBB" name="test" time="2.37"/>
  <testcase classname="com.mypackege.TC05_FlipKart" name="test" time="10.45">
    <failure type="org.openqa.selenium.ElementClickInterceptedException" message="element click intercepted: Element &amp;lt;a class=&amp;quot;_1fQZEK&amp;quot; target=&amp;quot;_blank&amp;quot; rel=&amp;quot;noopener noreferrer&amp;quot; href=&amp;quot;/realme-c25y-glacier-blue-64-gb/p/itm14ec0239363bc?pid=MOBG7984SZDDBAZJ&amp;amp;amp;lid=LSTMOBG7984SZDDBAZJCZLKG8&amp;amp;amp;marketplace=FLIPKART&amp;amp;amp;q=mobiles&amp;amp;amp;store=tyy%2F4io&amp;amp;amp;srno=s_1_1&amp;amp;amp;otracker=search&amp;amp;amp;otracker1=search&amp;amp;amp;fm=SEARCH&amp;amp;amp;iid=0821875f-75e6-4268-8631-a0a407ccb02f.MOBG7984SZDDBAZJ.SEARCH&amp;amp;amp;ppt=hp&amp;amp;amp;ppn=homepage&amp;amp;amp;ssid=qaorqbnr340000001640247585602&amp;amp;amp;qH=eb4af0bf07c16429&amp;quot;&amp;gt;...&amp;lt;/a&amp;gt; is not clickable at point (826, 339). Other element would receive the click: &amp;lt;a title=&amp;quot;...&amp;quot; class=&amp;quot;_3QN6WI&amp;quot; href=&amp;quot;/industrial-scientific-supplies/industrial-testing-devices/pr?sid=gsx,gkc&amp;amp;amp;p[]=facets.serviceability%5B%5D%3Dtrue&amp;amp;amp;otracker=categorytree&amp;amp;amp;otracker=nmenu_sub_Sports%2C%20Books%20%26%20More_0_Industrial%20Testing%20Devices&amp;quot;&amp;gt;Industrial Testing Devices&amp;lt;/a&amp;gt;
  (Session info: chrome=96.0.4664.110)
Build info: version: &amp;apos;4.1.0&amp;apos;, revision: &amp;apos;87802e897b&amp;apos;
System info: host: &amp;apos;MANISHSWIN10&amp;apos;, ip: &amp;apos;192.168.198.53&amp;apos;, os.name: &amp;apos;Windows 10&amp;apos;, os.arch: &amp;apos;amd64&amp;apos;, os.version: &amp;apos;10.0&amp;apos;, java.version: &amp;apos;17.0.1&amp;apos;
Driver info: org.openqa.selenium.chrome.ChromeDriver
Command: [c119716d81853e6e429e1fa06ea41c83, clickElement {id=f5231cda-bbd2-413c-8a68-decf8a188a7e}]
Capabilities {acceptInsecureCerts: false, browserName: chrome, browserVersion: 96.0.4664.110, chrome: {chromedriverVersion: 96.0.4664.45 (76e4c1bb2ab46..., userDataDir: C:\Users\manishs\AppData\Lo...}, goog:chromeOptions: {debuggerAddress: localhost:62610}, javascriptEnabled: true, networkConnectionEnabled: false, pageLoadStrategy: normal, platform: WINDOWS, platformName: WINDOWS, proxy: Proxy(), se:cdp: ws://localhost:62610/devtoo..., se:cdpVersion: 96.0.4664.110, setWindowRect: true, strictFileInteractability: false, timeouts: {implicit: 0, pageLoad: 300000, script: 30000}, unhandledPromptBehavior: dismiss and notify, webauthn:extension:credBlob: true, webauthn:extension:largeBlob: true, webauthn:virtualAuthenticators: true}
Element: [[ChromeDriver: chrome on WINDOWS (c119716d81853e6e429e1fa06ea41c83)] -&amp;gt; xpath: //a[@class=&amp;apos;_1fQZEK&amp;apos;]]
Session ID: c119716d81853e6e429e1fa06ea41c83">
      <![CDATA[org.openqa.selenium.ElementClickInterceptedException: element click intercepted: Element <a class="_1fQZEK" target="_blank" rel="noopener noreferrer" href="/realme-c25y-glacier-blue-64-gb/p/itm14ec0239363bc?pid=MOBG7984SZDDBAZJ&amp;lid=LSTMOBG7984SZDDBAZJCZLKG8&amp;marketplace=FLIPKART&amp;q=mobiles&amp;store=tyy%2F4io&amp;srno=s_1_1&amp;otracker=search&amp;otracker1=search&amp;fm=SEARCH&amp;iid=0821875f-75e6-4268-8631-a0a407ccb02f.MOBG7984SZDDBAZJ.SEARCH&amp;ppt=hp&amp;ppn=homepage&amp;ssid=qaorqbnr340000001640247585602&amp;qH=eb4af0bf07c16429">...</a> is not clickable at point (826, 339). Other element would receive the click: <a title="..." class="_3QN6WI" href="/industrial-scientific-supplies/industrial-testing-devices/pr?sid=gsx,gkc&amp;p[]=facets.serviceability%5B%5D%3Dtrue&amp;otracker=categorytree&amp;otracker=nmenu_sub_Sports%2C%20Books%20%26%20More_0_Industrial%20Testing%20Devices">Industrial Testing Devices</a>
  (Session info: chrome=96.0.4664.110)
Build info: version: '4.1.0', revision: '87802e897b'
System info: host: 'MANISHSWIN10', ip: '192.168.198.53', os.name: 'Windows 10', os.arch: 'amd64', os.version: '10.0', java.version: '17.0.1'
Driver info: org.openqa.selenium.chrome.ChromeDriver
Command: [c119716d81853e6e429e1fa06ea41c83, clickElement {id=f5231cda-bbd2-413c-8a68-decf8a188a7e}]
Capabilities {acceptInsecureCerts: false, browserName: chrome, browserVersion: 96.0.4664.110, chrome: {chromedriverVersion: 96.0.4664.45 (76e4c1bb2ab46..., userDataDir: C:\Users\manishs\AppData\Lo...}, goog:chromeOptions: {debuggerAddress: localhost:62610}, javascriptEnabled: true, networkConnectionEnabled: false, pageLoadStrategy: normal, platform: WINDOWS, platformName: WINDOWS, proxy: Proxy(), se:cdp: ws://localhost:62610/devtoo..., se:cdpVersion: 96.0.4664.110, setWindowRect: true, strictFileInteractability: false, timeouts: {implicit: 0, pageLoad: 300000, script: 30000}, unhandledPromptBehavior: dismiss and notify, webauthn:extension:credBlob: true, webauthn:extension:largeBlob: true, webauthn:virtualAuthenticators: true}
Element: [[ChromeDriver: chrome on WINDOWS (c119716d81853e6e429e1fa06ea41c83)] -> xpath: //a[@class='_1fQZEK']]
Session ID: c119716d81853e6e429e1fa06ea41c83
at org.openqa.selenium.remote.codec.w3c.W3CHttpResponseCodec.createException(W3CHttpResponseCodec.java:200)
at org.openqa.selenium.remote.codec.w3c.W3CHttpResponseCodec.decode(W3CHttpResponseCodec.java:133)
at org.openqa.selenium.remote.codec.w3c.W3CHttpResponseCodec.decode(W3CHttpResponseCodec.java:53)
at org.openqa.selenium.remote.HttpCommandExecutor.execute(HttpCommandExecutor.java:184)
at org.openqa.selenium.remote.service.DriverCommandExecutor.invokeExecute(DriverCommandExecutor.java:164)
at org.openqa.selenium.remote.service.DriverCommandExecutor.execute(DriverCommandExecutor.java:139)
at org.openqa.selenium.remote.RemoteWebDriver.execute(RemoteWebDriver.java:559)
at org.openqa.selenium.remote.RemoteWebElement.execute(RemoteWebElement.java:251)
at org.openqa.selenium.remote.RemoteWebElement.click(RemoteWebElement.java:77)
at com.mypackege.TC05_FlipKart.test(TC05_FlipKart.java:58)
at java.base/java.util.concurrent.ThreadPoolExecutor.runWorker(ThreadPoolExecutor.java:1136)
at java.base/java.util.concurrent.ThreadPoolExecutor$Worker.run(ThreadPoolExecutor.java:635)
at java.base/java.lang.Thread.run(Thread.java:833)
... Removed 17 stack frames]]>
    </failure>
  </testcase> <!-- test -->
  <testcase classname="com.mypackege.TC04_SnapDeal" name="test" time="12.099"/>
  <testcase classname="com.mypackege.TC07_GoogleLinks" name="test" time="8.889"/>
  <testcase classname="com.mypackege.TC08_SeleniumSearch" name="test" time="4.752"/>
  <testcase classname="com.mypackege.TC09_GoogleSearchInNewTab" name="test" time="15.631"/>
  <testcase classname="com.mypackege.TC03_Gmail" name="test" time="49.37">
    <failure type="org.openqa.selenium.TimeoutException" message="Expected condition failed: waiting for visibility of element located by By.xpath: //span[text()=&amp;apos;Save as profile picture&amp;apos;] (tried for 20 second(s) with 500 milliseconds interval)
Build info: version: &amp;apos;4.1.0&amp;apos;, revision: &amp;apos;87802e897b&amp;apos;
System info: host: &amp;apos;MANISHSWIN10&amp;apos;, ip: &amp;apos;192.168.198.53&amp;apos;, os.name: &amp;apos;Windows 10&amp;apos;, os.arch: &amp;apos;amd64&amp;apos;, os.version: &amp;apos;10.0&amp;apos;, java.version: &amp;apos;17.0.1&amp;apos;
Driver info: org.openqa.selenium.chrome.ChromeDriver
Capabilities {acceptInsecureCerts: false, browserName: chrome, browserVersion: 96.0.4664.110, chrome: {chromedriverVersion: 96.0.4664.45 (76e4c1bb2ab46..., userDataDir: C:\Users\manishs\AppData\Lo...}, goog:chromeOptions: {debuggerAddress: localhost:62618}, javascriptEnabled: true, networkConnectionEnabled: false, pageLoadStrategy: normal, platform: WINDOWS, platformName: WINDOWS, proxy: Proxy(), se:cdp: ws://localhost:62618/devtoo..., se:cdpVersion: 96.0.4664.110, setWindowRect: true, strictFileInteractability: false, timeouts: {implicit: 0, pageLoad: 300000, script: 30000}, unhandledPromptBehavior: dismiss and notify, webauthn:extension:credBlob: true, webauthn:extension:largeBlob: true, webauthn:virtualAuthenticators: true}
Session ID: fa1e2f8b73cc733a20a9dcf516389dc3">
      <![CDATA[org.openqa.selenium.TimeoutException: Expected condition failed: waiting for visibility of element located by By.xpath: //span[text()='Save as profile picture'] (tried for 20 second(s) with 500 milliseconds interval)
Build info: version: '4.1.0', revision: '87802e897b'
System info: host: 'MANISHSWIN10', ip: '192.168.198.53', os.name: 'Windows 10', os.arch: 'amd64', os.version: '10.0', java.version: '17.0.1'
Driver info: org.openqa.selenium.chrome.ChromeDriver
Capabilities {acceptInsecureCerts: false, browserName: chrome, browserVersion: 96.0.4664.110, chrome: {chromedriverVersion: 96.0.4664.45 (76e4c1bb2ab46..., userDataDir: C:\Users\manishs\AppData\Lo...}, goog:chromeOptions: {debuggerAddress: localhost:62618}, javascriptEnabled: true, networkConnectionEnabled: false, pageLoadStrategy: normal, platform: WINDOWS, platformName: WINDOWS, proxy: Proxy(), se:cdp: ws://localhost:62618/devtoo..., se:cdpVersion: 96.0.4664.110, setWindowRect: true, strictFileInteractability: false, timeouts: {implicit: 0, pageLoad: 300000, script: 30000}, unhandledPromptBehavior: dismiss and notify, webauthn:extension:credBlob: true, webauthn:extension:largeBlob: true, webauthn:virtualAuthenticators: true}
Session ID: fa1e2f8b73cc733a20a9dcf516389dc3
at org.openqa.selenium.support.ui.WebDriverWait.timeoutException(WebDriverWait.java:138)
at org.openqa.selenium.support.ui.FluentWait.until(FluentWait.java:231)
at com.mypackege.TC03_Gmail.changePFP(TC03_Gmail.java:99)
at com.mypackege.TC03_Gmail.test(TC03_Gmail.java:68)
at java.base/java.util.concurrent.ThreadPoolExecutor.runWorker(ThreadPoolExecutor.java:1136)
at java.base/java.util.concurrent.ThreadPoolExecutor$Worker.run(ThreadPoolExecutor.java:635)
at java.base/java.lang.Thread.run(Thread.java:833)
... Removed 12 stack frames]]>
    </failure>
  </testcase> <!-- test -->
  <testcase classname="com.mypackege.TC10_GoogleSearchInNewWindow" name="test" time="22.827"/>
  <testcase classname="com.mypackege.TC06_Amazon" name="test" time="33.416"/>
  <testcase classname="com.mypackege.TC13_Frames" name="test" time="2.468"/>
  <testcase classname="com.mypackege.TC11_Goibibo" name="test" time="9.077"/>
  <testcase classname="com.mypackege.TC12_POIBrowser" name="test" time="49.589"/>
</testsuite> <!-- Test -->
